\BOOKMARK [0][-]{chapter.1}{Source Code}{}% 1
\BOOKMARK [1][-]{section.1.1}{index.html}{chapter.1}% 2
\BOOKMARK [1][-]{section.1.2}{actionTypes.js}{chapter.1}% 3
\BOOKMARK [1][-]{section.1.3}{authUser.js}{chapter.1}% 4
\BOOKMARK [1][-]{section.1.4}{authUserResult.js}{chapter.1}% 5
\BOOKMARK [1][-]{section.1.5}{getServiceList.js}{chapter.1}% 6
\BOOKMARK [1][-]{section.1.6}{index.js}{chapter.1}% 7
\BOOKMARK [1][-]{section.1.7}{logoutUser.js}{chapter.1}% 8
\BOOKMARK [1][-]{section.1.8}{receiveService.js}{chapter.1}% 9
\BOOKMARK [1][-]{section.1.9}{receiveServiceList.js}{chapter.1}% 10
\BOOKMARK [1][-]{section.1.10}{updateUser.js}{chapter.1}% 11
\BOOKMARK [1][-]{section.1.11}{changeDashboardPage.js}{chapter.1}% 12
\BOOKMARK [1][-]{section.1.12}{changeSelectedModel.js}{chapter.1}% 13
\BOOKMARK [1][-]{section.1.13}{changeSidebarItem.js}{chapter.1}% 14
\BOOKMARK [1][-]{section.1.14}{createAttribute.js}{chapter.1}% 15
\BOOKMARK [1][-]{section.1.15}{createEntry.js}{chapter.1}% 16
\BOOKMARK [1][-]{section.1.16}{createModel.js}{chapter.1}% 17
\BOOKMARK [1][-]{section.1.17}{deleteAttribute.js}{chapter.1}% 18
\BOOKMARK [1][-]{section.1.18}{deleteAttributeLocally.js}{chapter.1}% 19
\BOOKMARK [1][-]{section.1.19}{deleteEntry.js}{chapter.1}% 20
\BOOKMARK [1][-]{section.1.20}{deleteEntryLocally.js}{chapter.1}% 21
\BOOKMARK [1][-]{section.1.21}{deleteModel.js}{chapter.1}% 22
\BOOKMARK [1][-]{section.1.22}{deleteModelLocally.js}{chapter.1}% 23
\BOOKMARK [1][-]{section.1.23}{receiveAttribute.js}{chapter.1}% 24
\BOOKMARK [1][-]{section.1.24}{receiveEntry.js}{chapter.1}% 25
\BOOKMARK [1][-]{section.1.25}{receiveModel.js}{chapter.1}% 26
\BOOKMARK [1][-]{section.1.26}{selectAttribute.js}{chapter.1}% 27
\BOOKMARK [1][-]{section.1.27}{updateAttribute.js}{chapter.1}% 28
\BOOKMARK [1][-]{section.1.28}{updateAttributeLocally.js}{chapter.1}% 29
\BOOKMARK [1][-]{section.1.29}{updateModel.js}{chapter.1}% 30
\BOOKMARK [1][-]{section.1.30}{updateModelLocally.js}{chapter.1}% 31
\BOOKMARK [1][-]{section.1.31}{updateService.js}{chapter.1}% 32
\BOOKMARK [1][-]{section.1.32}{updateServiceLocally.js}{chapter.1}% 33
\BOOKMARK [1][-]{section.1.33}{updateValue.js}{chapter.1}% 34
\BOOKMARK [1][-]{section.1.34}{updateValueLocally.js}{chapter.1}% 35
\BOOKMARK [1][-]{section.1.35}{showError.js}{chapter.1}% 36
\BOOKMARK [1][-]{section.1.36}{analyseNaturalText.js}{chapter.1}% 37
\BOOKMARK [1][-]{section.1.37}{analyseSpreadsheet.js}{chapter.1}% 38
\BOOKMARK [1][-]{section.1.38}{createService.js}{chapter.1}% 39
\BOOKMARK [1][-]{section.1.39}{generateWebhookURL.js}{chapter.1}% 40
\BOOKMARK [1][-]{section.1.40}{index.js}{chapter.1}% 41
\BOOKMARK [1][-]{section.1.41}{newService.js}{chapter.1}% 42
\BOOKMARK [1][-]{section.1.42}{nextScreen.js}{chapter.1}% 43
\BOOKMARK [1][-]{section.1.43}{receiveService.js}{chapter.1}% 44
\BOOKMARK [1][-]{section.1.44}{receiveWebhookURL.js}{chapter.1}% 45
\BOOKMARK [1][-]{section.1.45}{selectDevice.js}{chapter.1}% 46
\BOOKMARK [1][-]{section.1.46}{selectService.js}{chapter.1}% 47
\BOOKMARK [1][-]{section.1.47}{setDeviceFlowDirection.js}{chapter.1}% 48
\BOOKMARK [1][-]{section.1.48}{setServiceCreateMethod.js}{chapter.1}% 49
\BOOKMARK [1][-]{section.1.49}{setServiceName.js}{chapter.1}% 50
\BOOKMARK [1][-]{section.1.50}{setupDeviceQuery.js}{chapter.1}% 51
\BOOKMARK [1][-]{section.1.51}{updateModelPreview.js}{chapter.1}% 52
\BOOKMARK [1][-]{section.1.52}{updateNaturalText.js}{chapter.1}% 53
\BOOKMARK [1][-]{section.1.53}{AuthForm.jsx}{chapter.1}% 54
\BOOKMARK [1][-]{section.1.54}{test.js}{chapter.1}% 55
\BOOKMARK [1][-]{section.1.55}{Button.jsx}{chapter.1}% 56
\BOOKMARK [1][-]{section.1.56}{test.js}{chapter.1}% 57
\BOOKMARK [1][-]{section.1.57}{About.jsx}{chapter.1}% 58
\BOOKMARK [1][-]{section.1.58}{test.js}{chapter.1}% 59
\BOOKMARK [1][-]{section.1.59}{Dashboard.jsx}{chapter.1}% 60
\BOOKMARK [1][-]{section.1.60}{test.js}{chapter.1}% 61
\BOOKMARK [1][-]{section.1.61}{Column.jsx}{chapter.1}% 62
\BOOKMARK [1][-]{section.1.62}{test.js}{chapter.1}% 63
\BOOKMARK [1][-]{section.1.63}{Entries.jsx}{chapter.1}% 64
\BOOKMARK [1][-]{section.1.64}{test.js}{chapter.1}% 65
\BOOKMARK [1][-]{section.1.65}{Row.jsx}{chapter.1}% 66
\BOOKMARK [1][-]{section.1.66}{test.js}{chapter.1}% 67
\BOOKMARK [1][-]{section.1.67}{RowHeader.jsx}{chapter.1}% 68
\BOOKMARK [1][-]{section.1.68}{test.js}{chapter.1}% 69
\BOOKMARK [1][-]{section.1.69}{rowStyle.js}{chapter.1}% 70
\BOOKMARK [1][-]{section.1.70}{Tabs.jsx}{chapter.1}% 71
\BOOKMARK [1][-]{section.1.71}{test.js}{chapter.1}% 72
\BOOKMARK [1][-]{section.1.72}{Pages.jsx}{chapter.1}% 73
\BOOKMARK [1][-]{section.1.73}{test.js}{chapter.1}% 74
\BOOKMARK [1][-]{section.1.74}{Sidebar.jsx}{chapter.1}% 75
\BOOKMARK [1][-]{section.1.75}{test.js}{chapter.1}% 76
\BOOKMARK [1][-]{section.1.76}{SidebarItem.jsx}{chapter.1}% 77
\BOOKMARK [1][-]{section.1.77}{test.js}{chapter.1}% 78
\BOOKMARK [1][-]{section.1.78}{Attribute.jsx}{chapter.1}% 79
\BOOKMARK [1][-]{section.1.79}{test.js}{chapter.1}% 80
\BOOKMARK [1][-]{section.1.80}{DialogBox.jsx}{chapter.1}% 81
\BOOKMARK [1][-]{section.1.81}{test.js}{chapter.1}% 82
\BOOKMARK [1][-]{section.1.82}{Model.jsx}{chapter.1}% 83
\BOOKMARK [1][-]{section.1.83}{test.js}{chapter.1}% 84
\BOOKMARK [1][-]{section.1.84}{Structure.jsx}{chapter.1}% 85
\BOOKMARK [1][-]{section.1.85}{test.js}{chapter.1}% 86
\BOOKMARK [1][-]{section.1.86}{TopBar.jsx}{chapter.1}% 87
\BOOKMARK [1][-]{section.1.87}{test.js}{chapter.1}% 88
\BOOKMARK [1][-]{section.1.88}{Frame.jsx}{chapter.1}% 89
\BOOKMARK [1][-]{section.1.89}{test.js}{chapter.1}% 90
\BOOKMARK [1][-]{section.1.90}{HomePage.jsx}{chapter.1}% 91
\BOOKMARK [1][-]{section.1.91}{Logo.jsx}{chapter.1}% 92
\BOOKMARK [1][-]{section.1.92}{test.js}{chapter.1}% 93
\BOOKMARK [1][-]{section.1.93}{MethodButton.jsx}{chapter.1}% 94
\BOOKMARK [1][-]{section.1.94}{test.js}{chapter.1}% 95
\BOOKMARK [1][-]{section.1.95}{RoundButton.jsx}{chapter.1}% 96
\BOOKMARK [1][-]{section.1.96}{test.js}{chapter.1}% 97
\BOOKMARK [1][-]{section.1.97}{ServiceList.jsx}{chapter.1}% 98
\BOOKMARK [1][-]{section.1.98}{test.js}{chapter.1}% 99
\BOOKMARK [1][-]{section.1.99}{ServiceListItem.jsx}{chapter.1}% 100
\BOOKMARK [1][-]{section.1.100}{test.js}{chapter.1}% 101
\BOOKMARK [1][-]{section.1.101}{Setup.jsx}{chapter.1}% 102
\BOOKMARK [1][-]{section.1.102}{SetupMethod.jsx}{chapter.1}% 103
\BOOKMARK [1][-]{section.1.103}{test.js}{chapter.1}% 104
\BOOKMARK [1][-]{section.1.104}{SetupName.jsx}{chapter.1}% 105
\BOOKMARK [1][-]{section.1.105}{test.js}{chapter.1}% 106
\BOOKMARK [1][-]{section.1.106}{SetupNatural.jsx}{chapter.1}% 107
\BOOKMARK [1][-]{section.1.107}{test.js}{chapter.1}% 108
\BOOKMARK [1][-]{section.1.108}{SetupSpreadsheet.jsx}{chapter.1}% 109
\BOOKMARK [1][-]{section.1.109}{test.js}{chapter.1}% 110
\BOOKMARK [1][-]{section.1.110}{StyleConstant.js}{chapter.1}% 111
\BOOKMARK [1][-]{section.1.111}{TextInput.jsx}{chapter.1}% 112
\BOOKMARK [1][-]{section.1.112}{test.js}{chapter.1}% 113
\BOOKMARK [1][-]{section.1.113}{AuthFormContainer.js}{chapter.1}% 114
\BOOKMARK [1][-]{section.1.114}{AboutContainer.js}{chapter.1}% 115
\BOOKMARK [1][-]{section.1.115}{EntriesContainer.js}{chapter.1}% 116
\BOOKMARK [1][-]{section.1.116}{PagesContainer.js}{chapter.1}% 117
\BOOKMARK [1][-]{section.1.117}{SidebarContainer.js}{chapter.1}% 118
\BOOKMARK [1][-]{section.1.118}{StructureContainer.js}{chapter.1}% 119
\BOOKMARK [1][-]{section.1.119}{HomePageContainer.js}{chapter.1}% 120
\BOOKMARK [1][-]{section.1.120}{NameInput.js}{chapter.1}% 121
\BOOKMARK [1][-]{section.1.121}{ServiceListContainer.js}{chapter.1}% 122
\BOOKMARK [1][-]{section.1.122}{SetupContainer.js}{chapter.1}% 123
\BOOKMARK [1][-]{section.1.123}{SetupMethodContainer.js}{chapter.1}% 124
\BOOKMARK [1][-]{section.1.124}{SetupNameContainer.js}{chapter.1}% 125
\BOOKMARK [1][-]{section.1.125}{SetupNaturalContainer.js}{chapter.1}% 126
\BOOKMARK [1][-]{section.1.126}{SetupSpreadsheetContainer.js}{chapter.1}% 127
\BOOKMARK [1][-]{section.1.127}{index.css}{chapter.1}% 128
\BOOKMARK [1][-]{section.1.128}{index.js}{chapter.1}% 129
\BOOKMARK [1][-]{section.1.129}{index.js}{chapter.1}% 130
\BOOKMARK [1][-]{section.1.130}{test.js}{chapter.1}% 131
\BOOKMARK [1][-]{section.1.131}{annotateText.js}{chapter.1}% 132
\BOOKMARK [1][-]{section.1.132}{API.js}{chapter.1}% 133
\BOOKMARK [1][-]{section.1.133}{Auth.js}{chapter.1}% 134
\BOOKMARK [1][-]{section.1.134}{capitalizeString.js}{chapter.1}% 135
\BOOKMARK [1][-]{section.1.135}{createMethods.js}{chapter.1}% 136
\BOOKMARK [1][-]{section.1.136}{formatSentences.js}{chapter.1}% 137
\BOOKMARK [1][-]{section.1.137}{normalizr.js}{chapter.1}% 138
\BOOKMARK [1][-]{section.1.138}{setupScreens.js}{chapter.1}% 139
\BOOKMARK [1][-]{section.1.139}{natural.js}{chapter.1}% 140
\BOOKMARK [1][-]{section.1.140}{parse.js}{chapter.1}% 141
\BOOKMARK [1][-]{section.1.141}{service.js}{chapter.1}% 142
\BOOKMARK [1][-]{section.1.142}{utils.js}{chapter.1}% 143
\BOOKMARK [1][-]{section.1.143}{bootstrap.js}{chapter.1}% 144
\BOOKMARK [1][-]{section.1.144}{connections.js}{chapter.1}% 145
\BOOKMARK [1][-]{section.1.145}{passport.js}{chapter.1}% 146
\BOOKMARK [1][-]{section.1.146}{index.js}{chapter.1}% 147
\BOOKMARK [1][-]{section.1.147}{authentication.js}{chapter.1}% 148
\BOOKMARK [1][-]{section.1.148}{attribute.js}{chapter.1}% 149
\BOOKMARK [1][-]{section.1.149}{entry.js}{chapter.1}% 150
\BOOKMARK [1][-]{section.1.150}{index.js}{chapter.1}% 151
\BOOKMARK [1][-]{section.1.151}{model.js}{chapter.1}% 152
\BOOKMARK [1][-]{section.1.152}{service.js}{chapter.1}% 153
\BOOKMARK [1][-]{section.1.153}{user.js}{chapter.1}% 154
\BOOKMARK [1][-]{section.1.154}{value.js}{chapter.1}% 155
\BOOKMARK [1][-]{section.1.155}{index.py}{chapter.1}% 156
\BOOKMARK [1][-]{section.1.156}{spacyparse.py}{chapter.1}% 157
\BOOKMARK [1][-]{section.1.157}{api.js}{chapter.1}% 158
\BOOKMARK [1][-]{section.1.158}{attribute.js}{chapter.1}% 159
\BOOKMARK [1][-]{section.1.159}{auth.js}{chapter.1}% 160
\BOOKMARK [1][-]{section.1.160}{entry.js}{chapter.1}% 161
\BOOKMARK [1][-]{section.1.161}{index.js}{chapter.1}% 162
\BOOKMARK [1][-]{section.1.162}{model.js}{chapter.1}% 163
\BOOKMARK [1][-]{section.1.163}{service.js}{chapter.1}% 164
\BOOKMARK [1][-]{section.1.164}{value.js}{chapter.1}% 165
\BOOKMARK [1][-]{section.1.165}{natural\137test.js}{chapter.1}% 166
\BOOKMARK [1][-]{section.1.166}{parse\137test.js}{chapter.1}% 167
\BOOKMARK [1][-]{section.1.167}{service\137test.js}{chapter.1}% 168
